Build started 4/7/2014 1:00:25 PM.
     1>Project "C:\Users\Cory\documents\visual studio 2013\Projects\lab1\lab1\lab1.vcxproj" on node 2 (Build target(s)).
     1>ClCompile:
         C:\Program Files (x86)\Microsoft Visual Studio 12.0\VC\bin\CL.exe /c /ZI /nologo /W3 /WX- /sdl /Od /Oy- /D _MBCS /Gm /EHsc /RTC1 /MDd /GS /fp:precise /Zc:wchar_t /Zc:forScope /Fo"Debug\\" /Fd"Debug\vc120.pdb" /Gd /TP /analyze- /errorReport:prompt VirtualMachine.cpp
         VirtualMachine.cpp
       Link:
         C:\Program Files (x86)\Microsoft Visual Studio 12.0\VC\bin\link.exe /ERRORREPORT:PROMPT /OUT:"C:\Users\Cory\documents\visual studio 2013\Projects\lab1\Debug\lab1.exe" /INCREMENTAL /NOLOGO kernel32.lib user32.lib gdi32.lib winspool.lib comdlg32.lib advapi32.lib shell32.lib ole32.lib oleaut32.lib uuid.lib odbc32.lib odbccp32.lib /MANIFEST /MANIFESTUAC:"level='asInvoker' uiAccess='false'" /manifest:embed /DEBUG /PDB:"C:\Users\Cory\documents\visual studio 2013\Projects\lab1\Debug\lab1.pdb" /TLBID:1 /DYNAMICBASE /NXCOMPAT /IMPLIB:"C:\Users\Cory\documents\visual studio 2013\Projects\lab1\Debug\lab1.lib" /MACHINE:X86 Debug\VirtualMachine.obj
     1>LINK : fatal error LNK1561: entry point must be defined
     1>Done Building Project "C:\Users\Cory\documents\visual studio 2013\Projects\lab1\lab1\lab1.vcxproj" (Build target(s)) -- FAILED.

Build FAILED.

Time Elapsed 00:00:02.24
